{
  "stats": {
    "suites": 1,
    "tests": 1,
    "passes": 1,
    "pending": 0,
    "failures": 0,
    "start": "2018-03-31T06:39:18.422Z",
    "end": "2018-03-31T06:39:18.449Z",
    "duration": 27,
    "testsRegistered": 1,
    "passPercent": 100,
    "pendingPercent": 0,
    "other": 0,
    "hasOther": false,
    "skipped": 0,
    "hasSkipped": false,
    "passPercentClass": "success",
    "pendingPercentClass": "danger"
  },
  "suites": {
    "uuid": "12fb0fd3-7c98-4ca5-b00f-87fb3952a6ce",
    "title": "",
    "fullFile": "",
    "file": "",
    "beforeHooks": [],
    "afterHooks": [],
    "tests": [],
    "suites": [
      {
        "uuid": "f47bec29-05f4-4ab8-8ba7-574392dcac8d",
        "title": "BeatDetector：功能测试",
        "fullFile": "/Users/lugang/My Github Repositories/BeatDetector/test/test.js",
        "file": "/test/test.js",
        "beforeHooks": [],
        "afterHooks": [],
        "tests": [
          {
            "title": "初始化：成功",
            "fullTitle": "BeatDetector：功能测试 初始化：成功",
            "timedOut": false,
            "duration": 2,
            "state": "passed",
            "speed": "fast",
            "pass": true,
            "fail": false,
            "pending": false,
            "code": "function analysisFin() {\n            return \"初始化完成\";\n        }\n        (0, _chai.expect)((0, _BeatDetector2.default)(null, analysisFin)).to.be.equal('缺少参数');",
            "err": {},
            "isRoot": false,
            "uuid": "d8acd643-691f-4221-9f4c-41c2433f7d32",
            "isHook": false,
            "skipped": false
          }
        ],
        "suites": [],
        "passes": [
          "d8acd643-691f-4221-9f4c-41c2433f7d32"
        ],
        "failures": [],
        "pending": [],
        "skipped": [],
        "duration": 2,
        "root": false,
        "rootEmpty": false,
        "_timeout": 2000
      }
    ],
    "passes": [],
    "failures": [],
    "pending": [],
    "skipped": [],
    "duration": 0,
    "root": true,
    "rootEmpty": true,
    "_timeout": 2000
  },
  "copyrightYear": 2018
}